Build started 15/06/2017 00:32:23.
     1>Project "E:\VS2013\EXE9\EXE9\EXE9.vcxproj" on node 2 (Build target(s)).
     1>ClCompile:
         E:\Program Files\VC\bin\CL.exe /c /ZI /nologo /W3 /WX- /sdl /Od /Oy- /D _MBCS /Gm /EHsc /RTC1 /MDd /GS /fp:precise /Zc:wchar_t /Zc:forScope /Fo"Debug\\" /Fd"Debug\vc120.pdb" /Gd /TP /analyze- /errorReport:prompt Main.cpp
         Main.cpp
     1>e:\vs2013\exe9\exe9\main.cpp(22): warning C4305: 'argument' : truncation from 'double' to 'float'
     1>e:\vs2013\exe9\exe9\main.cpp(23): warning C4305: 'argument' : truncation from 'double' to 'float'
     1>e:\vs2013\exe9\exe9\main.cpp(24): warning C4305: 'argument' : truncation from 'double' to 'float'
     1>e:\vs2013\exe9\exe9\main.cpp(25): warning C4305: 'argument' : truncation from 'double' to 'float'
     1>e:\vs2013\exe9\exe9\main.cpp(26): warning C4305: 'argument' : truncation from 'double' to 'float'
     1>e:\vs2013\exe9\exe9\main.cpp(27): warning C4305: 'argument' : truncation from 'double' to 'float'
     1>e:\vs2013\exe9\exe9\main.cpp(28): warning C4305: 'argument' : truncation from 'double' to 'float'
     1>e:\vs2013\exe9\exe9\main.cpp(29): warning C4305: 'argument' : truncation from 'double' to 'float'
     1>e:\vs2013\exe9\exe9\main.cpp(31): warning C4305: 'argument' : truncation from 'double' to 'float'
     1>e:\vs2013\exe9\exe9\main.cpp(33): warning C4018: '<' : signed/unsigned mismatch
     1>e:\vs2013\exe9\exe9\main.cpp(46): warning C4018: '<' : signed/unsigned mismatch
       Link:
         E:\Program Files\VC\bin\link.exe /ERRORREPORT:PROMPT /OUT:"E:\VS2013\EXE9\Debug\EXE9.exe" /INCREMENTAL /NOLOGO kernel32.lib user32.lib gdi32.lib winspool.lib comdlg32.lib advapi32.lib shell32.lib ole32.lib oleaut32.lib uuid.lib odbc32.lib odbccp32.lib /MANIFEST /MANIFESTUAC:"level='asInvoker' uiAccess='false'" /manifest:embed /DEBUG /PDB:"E:\VS2013\EXE9\Debug\EXE9.pdb" /TLBID:1 /DYNAMICBASE /NXCOMPAT /IMPLIB:"E:\VS2013\EXE9\Debug\EXE9.lib" /MACHINE:X86 Debug\Animal.obj
         Debug\Bat.obj
         Debug\Giraffe.obj
         Debug\Main.obj
         Debug\Tiger.obj
         Debug\Zoo.obj
         EXE9.vcxproj -> E:\VS2013\EXE9\Debug\EXE9.exe
     1>Done Building Project "E:\VS2013\EXE9\EXE9\EXE9.vcxproj" (Build target(s)).

Build succeeded.

Time Elapsed 00:00:00.70
